
0(48) : error C0000: syntax error, unexpected $undefined, expecting "::" at token "<undefined>"
0(49) : error C1503: undefined variable "get_t1"

